<?xml version="1.0" encoding="UTF-8"?>
<testng-results ignored="0" total="1" passed="1" failed="0" skipped="0">
  <reporter-output>
  </reporter-output>
  <suite started-at="2024-08-01T22:36:45 IST" name="BVT Test Suite" finished-at="2024-08-01T22:37:20 IST" duration-ms="34830">
    <groups>
    </groups>
    <test started-at="2024-08-01T22:36:45 IST" name="BVT Suite" finished-at="2024-08-01T22:37:20 IST" duration-ms="34830">
      <class name="testcase.MyFirstTestFW">
        <test-method is-config="true" signature="setUp()[pri:0, instance:testcase.MyFirstTestFW@231f98ef]" started-at="2024-08-01T22:36:45 IST" name="setUp" finished-at="2024-08-01T22:37:10 IST" duration-ms="25046" status="PASS">
          <reporter-output>
          </reporter-output>
        </test-method> <!-- setUp -->
        <test-method signature="LoginTest()[pri:0, instance:testcase.MyFirstTestFW@231f98ef]" started-at="2024-08-01T22:37:10 IST" name="LoginTest" finished-at="2024-08-01T22:37:20 IST" duration-ms="9745" status="PASS">
          <reporter-output>
          </reporter-output>
        </test-method> <!-- LoginTest -->
        <test-method is-config="true" signature="tearDown()[pri:0, instance:testcase.MyFirstTestFW@231f98ef]" started-at="2024-08-01T22:37:20 IST" name="tearDown" finished-at="2024-08-01T22:37:20 IST" duration-ms="5" status="PASS">
          <reporter-output>
          </reporter-output>
        </test-method> <!-- tearDown -->
      </class> <!-- testcase.MyFirstTestFW -->
    </test> <!-- BVT Suite -->
  </suite> <!-- BVT Test Suite -->
</testng-results>
